app/build/intermediates/manifest_merge_blame_file/release/manifest-merger-blame-release-report.txt
1<?xml version="1.0" encoding="utf-8"?>
2<manifest xmlns:android="http://schemas.android.com/apk/res/android"
3    package="com.example.final_project"
4    android:versionCode="1"
5    android:versionName="1.0" >
6
7    <uses-sdk
8        android:minSdkVersion="23"
8-->src/main/AndroidManifest.xml
9        android:targetSdkVersion="28" />
9-->src/main/AndroidManifest.xml
10
11    <uses-permission android:name="android.permission.INTERNET" />
11-->src/main/AndroidManifest.xml:247:5-67
11-->src/main/AndroidManifest.xml:247:22-64
12    <uses-permission android:name="android.permission.READ_EXTERNAL_STORAGE" />
12-->src/main/AndroidManifest.xml:249:5-80
12-->src/main/AndroidManifest.xml:249:22-77
13    <uses-permission android:name="android.permission.ACCESS_NETWORK_STATE" />
13-->[com.google.firebase:firebase-database:16.0.4] AndroidManifest.xml:22:5-79
13-->[com.google.firebase:firebase-database:16.0.4] AndroidManifest.xml:22:22-76
14    <uses-permission android:name="android.permission.WAKE_LOCK" /> <!-- Required by older versions of Google Play services to create IID tokens -->
14-->[com.google.firebase:firebase-iid:17.0.4] AndroidManifest.xml:24:5-68
14-->[com.google.firebase:firebase-iid:17.0.4] AndroidManifest.xml:24:22-65
15    <uses-permission android:name="com.google.android.c2dm.permission.RECEIVE" />
15-->[com.google.firebase:firebase-iid:17.0.4] AndroidManifest.xml:26:5-82
15-->[com.google.firebase:firebase-iid:17.0.4] AndroidManifest.xml:26:22-79
16
17    <application
17-->src/main/AndroidManifest.xml:5:5-246:19
18        android:allowBackup="true"
18-->src/main/AndroidManifest.xml:6:9-35
19        android:appComponentFactory="android.support.v4.app.CoreComponentFactory"
19-->[com.android.support:support-compat:28.0.0] AndroidManifest.xml:22:18-91
20        android:extractNativeLibs="false"
21        android:icon="@mipmap/ic_launcher"
21-->src/main/AndroidManifest.xml:7:9-43
22        android:label="@string/app_name"
22-->src/main/AndroidManifest.xml:8:9-41
23        android:roundIcon="@mipmap/ic_launcher_round"
23-->src/main/AndroidManifest.xml:9:9-54
24        android:supportsRtl="true"
24-->src/main/AndroidManifest.xml:10:9-35
25        android:theme="@style/AppTheme" >
25-->src/main/AndroidManifest.xml:11:9-40
26        <activity android:name="com.example.final_project.Splash" >
26-->src/main/AndroidManifest.xml:12:9-19:20
26-->src/main/AndroidManifest.xml:12:19-41
27            <intent-filter>
27-->src/main/AndroidManifest.xml:14:13-18:29
28                <action android:name="android.intent.action.MAIN" />
28-->src/main/AndroidManifest.xml:15:17-69
28-->src/main/AndroidManifest.xml:15:25-66
29
30                <category android:name="android.intent.category.LAUNCHER" />
30-->src/main/AndroidManifest.xml:17:17-77
30-->src/main/AndroidManifest.xml:17:27-74
31            </intent-filter>
32        </activity>
33        <activity android:name="com.example.final_project.au_fourth_year" />
33-->src/main/AndroidManifest.xml:20:9-52
33-->src/main/AndroidManifest.xml:20:19-49
34        <activity android:name="com.example.final_project.au_third_year" />
34-->src/main/AndroidManifest.xml:21:9-51
34-->src/main/AndroidManifest.xml:21:19-48
35        <activity android:name="com.example.final_project.au_second_year" />
35-->src/main/AndroidManifest.xml:22:9-52
35-->src/main/AndroidManifest.xml:22:19-49
36        <activity android:name="com.example.final_project.au_first_year" />
36-->src/main/AndroidManifest.xml:23:9-51
36-->src/main/AndroidManifest.xml:23:19-48
37        <activity android:name="com.example.final_project.it_fourth_year" />
37-->src/main/AndroidManifest.xml:24:9-52
37-->src/main/AndroidManifest.xml:24:19-49
38        <activity android:name="com.example.final_project.it_third_year" />
38-->src/main/AndroidManifest.xml:25:9-51
38-->src/main/AndroidManifest.xml:25:19-48
39        <activity android:name="com.example.final_project.it_second_year" />
39-->src/main/AndroidManifest.xml:26:9-52
39-->src/main/AndroidManifest.xml:26:19-49
40        <activity android:name="com.example.final_project.it_first_year" />
40-->src/main/AndroidManifest.xml:27:9-51
40-->src/main/AndroidManifest.xml:27:19-48
41        <activity android:name="com.example.final_project.is_fourth_year" />
41-->src/main/AndroidManifest.xml:28:9-52
41-->src/main/AndroidManifest.xml:28:19-49
42        <activity android:name="com.example.final_project.is_third_year" />
42-->src/main/AndroidManifest.xml:29:9-51
42-->src/main/AndroidManifest.xml:29:19-48
43        <activity android:name="com.example.final_project.is_second_year" />
43-->src/main/AndroidManifest.xml:30:9-52
43-->src/main/AndroidManifest.xml:30:19-49
44        <activity android:name="com.example.final_project.is_first_year" />
44-->src/main/AndroidManifest.xml:31:9-51
44-->src/main/AndroidManifest.xml:31:19-48
45        <activity android:name="com.example.final_project.me_fourth_year" />
45-->src/main/AndroidManifest.xml:32:9-52
45-->src/main/AndroidManifest.xml:32:19-49
46        <activity android:name="com.example.final_project.me_third_year" />
46-->src/main/AndroidManifest.xml:33:9-51
46-->src/main/AndroidManifest.xml:33:19-48
47        <activity android:name="com.example.final_project.me_second_year" />
47-->src/main/AndroidManifest.xml:34:9-52
47-->src/main/AndroidManifest.xml:34:19-49
48        <activity android:name="com.example.final_project.me_first_year" />
48-->src/main/AndroidManifest.xml:35:9-51
48-->src/main/AndroidManifest.xml:35:19-48
49        <activity android:name="com.example.final_project.download_qp_it4" />
49-->src/main/AndroidManifest.xml:36:9-53
49-->src/main/AndroidManifest.xml:36:19-50
50        <activity android:name="com.example.final_project.download_qp_it3" />
50-->src/main/AndroidManifest.xml:37:9-53
50-->src/main/AndroidManifest.xml:37:19-50
51        <activity android:name="com.example.final_project.download_qp_it2" />
51-->src/main/AndroidManifest.xml:38:9-53
51-->src/main/AndroidManifest.xml:38:19-50
52        <activity android:name="com.example.final_project.download_qp_it1" />
52-->src/main/AndroidManifest.xml:39:9-53
52-->src/main/AndroidManifest.xml:39:19-50
53        <activity android:name="com.example.final_project.download_ebook_it4" />
53-->src/main/AndroidManifest.xml:40:9-56
53-->src/main/AndroidManifest.xml:40:19-53
54        <activity android:name="com.example.final_project.download_ebook_it3" />
54-->src/main/AndroidManifest.xml:41:9-56
54-->src/main/AndroidManifest.xml:41:19-53
55        <activity android:name="com.example.final_project.download_ebook_it2" />
55-->src/main/AndroidManifest.xml:42:9-56
55-->src/main/AndroidManifest.xml:42:19-53
56        <activity android:name="com.example.final_project.download_ebook_it1" />
56-->src/main/AndroidManifest.xml:43:9-56
56-->src/main/AndroidManifest.xml:43:19-53
57        <activity android:name="com.example.final_project.ebook_it4" />
57-->src/main/AndroidManifest.xml:44:9-47
57-->src/main/AndroidManifest.xml:44:19-44
58        <activity android:name="com.example.final_project.ebook_it3" />
58-->src/main/AndroidManifest.xml:45:9-47
58-->src/main/AndroidManifest.xml:45:19-44
59        <activity android:name="com.example.final_project.ebook_it2" />
59-->src/main/AndroidManifest.xml:46:9-47
59-->src/main/AndroidManifest.xml:46:19-44
60        <activity android:name="com.example.final_project.ebook_it1" />
60-->src/main/AndroidManifest.xml:47:9-47
60-->src/main/AndroidManifest.xml:47:19-44
61        <activity android:name="com.example.final_project.qp_it4" />
61-->src/main/AndroidManifest.xml:48:9-44
61-->src/main/AndroidManifest.xml:48:19-41
62        <activity android:name="com.example.final_project.qp_it3" />
62-->src/main/AndroidManifest.xml:49:9-44
62-->src/main/AndroidManifest.xml:49:19-41
63        <activity android:name="com.example.final_project.qp_it2" />
63-->src/main/AndroidManifest.xml:50:9-44
63-->src/main/AndroidManifest.xml:50:19-41
64        <activity android:name="com.example.final_project.qp_it1" />
64-->src/main/AndroidManifest.xml:51:9-44
64-->src/main/AndroidManifest.xml:51:19-41
65        <activity android:name="com.example.final_project.syllabus_it4" />
65-->src/main/AndroidManifest.xml:52:9-50
65-->src/main/AndroidManifest.xml:52:19-47
66        <activity android:name="com.example.final_project.syllabus_it3" />
66-->src/main/AndroidManifest.xml:53:9-50
66-->src/main/AndroidManifest.xml:53:19-47
67        <activity android:name="com.example.final_project.syllabus_it2" />
67-->src/main/AndroidManifest.xml:54:9-50
67-->src/main/AndroidManifest.xml:54:19-47
68        <activity android:name="com.example.final_project.syllabus_it1" />
68-->src/main/AndroidManifest.xml:55:9-50
68-->src/main/AndroidManifest.xml:55:19-47
69        <activity android:name="com.example.final_project.tt_it4" />
69-->src/main/AndroidManifest.xml:56:9-44
69-->src/main/AndroidManifest.xml:56:19-41
70        <activity android:name="com.example.final_project.tt_it3" />
70-->src/main/AndroidManifest.xml:57:9-44
70-->src/main/AndroidManifest.xml:57:19-41
71        <activity android:name="com.example.final_project.tt_it2" />
71-->src/main/AndroidManifest.xml:58:9-44
71-->src/main/AndroidManifest.xml:58:19-41
72        <activity android:name="com.example.final_project.tt_it1" />
72-->src/main/AndroidManifest.xml:59:9-44
72-->src/main/AndroidManifest.xml:59:19-41
73        <activity android:name="com.example.final_project.download_ebook_au4" />
73-->src/main/AndroidManifest.xml:60:9-56
73-->src/main/AndroidManifest.xml:60:19-53
74        <activity android:name="com.example.final_project.download_ebook_au3" />
74-->src/main/AndroidManifest.xml:61:9-56
74-->src/main/AndroidManifest.xml:61:19-53
75        <activity android:name="com.example.final_project.download_ebook_au2" />
75-->src/main/AndroidManifest.xml:62:9-56
75-->src/main/AndroidManifest.xml:62:19-53
76        <activity android:name="com.example.final_project.download_ebook_au1" />
76-->src/main/AndroidManifest.xml:63:9-56
76-->src/main/AndroidManifest.xml:63:19-53
77        <activity android:name="com.example.final_project.download_qp_au4" />
77-->src/main/AndroidManifest.xml:64:9-53
77-->src/main/AndroidManifest.xml:64:19-50
78        <activity android:name="com.example.final_project.download_qp_au3" />
78-->src/main/AndroidManifest.xml:65:9-53
78-->src/main/AndroidManifest.xml:65:19-50
79        <activity android:name="com.example.final_project.download_qp_au2" />
79-->src/main/AndroidManifest.xml:66:9-53
79-->src/main/AndroidManifest.xml:66:19-50
80        <activity android:name="com.example.final_project.download_qp_au1" />
80-->src/main/AndroidManifest.xml:67:9-53
80-->src/main/AndroidManifest.xml:67:19-50
81        <activity android:name="com.example.final_project.ebook_au4" />
81-->src/main/AndroidManifest.xml:68:9-47
81-->src/main/AndroidManifest.xml:68:19-44
82        <activity android:name="com.example.final_project.ebook_au3" />
82-->src/main/AndroidManifest.xml:69:9-47
82-->src/main/AndroidManifest.xml:69:19-44
83        <activity android:name="com.example.final_project.ebook_au2" />
83-->src/main/AndroidManifest.xml:70:9-47
83-->src/main/AndroidManifest.xml:70:19-44
84        <activity android:name="com.example.final_project.ebook_au1" />
84-->src/main/AndroidManifest.xml:71:9-47
84-->src/main/AndroidManifest.xml:71:19-44
85        <activity android:name="com.example.final_project.qp_au4" />
85-->src/main/AndroidManifest.xml:72:9-44
85-->src/main/AndroidManifest.xml:72:19-41
86        <activity android:name="com.example.final_project.qp_au3" />
86-->src/main/AndroidManifest.xml:73:9-44
86-->src/main/AndroidManifest.xml:73:19-41
87        <activity android:name="com.example.final_project.qp_au2" />
87-->src/main/AndroidManifest.xml:74:9-44
87-->src/main/AndroidManifest.xml:74:19-41
88        <activity android:name="com.example.final_project.qp_au1" />
88-->src/main/AndroidManifest.xml:75:9-44
88-->src/main/AndroidManifest.xml:75:19-41
89        <activity android:name="com.example.final_project.syllabus_au4" />
89-->src/main/AndroidManifest.xml:76:9-50
89-->src/main/AndroidManifest.xml:76:19-47
90        <activity android:name="com.example.final_project.syllabus_au3" />
90-->src/main/AndroidManifest.xml:77:9-50
90-->src/main/AndroidManifest.xml:77:19-47
91        <activity android:name="com.example.final_project.syllabus_au2" />
91-->src/main/AndroidManifest.xml:78:9-50
91-->src/main/AndroidManifest.xml:78:19-47
92        <activity android:name="com.example.final_project.syllabus_au1" />
92-->src/main/AndroidManifest.xml:79:9-50
92-->src/main/AndroidManifest.xml:79:19-47
93        <activity android:name="com.example.final_project.tt_au4" />
93-->src/main/AndroidManifest.xml:80:9-44
93-->src/main/AndroidManifest.xml:80:19-41
94        <activity android:name="com.example.final_project.tt_au3" />
94-->src/main/AndroidManifest.xml:81:9-44
94-->src/main/AndroidManifest.xml:81:19-41
95        <activity android:name="com.example.final_project.tt_au2" />
95-->src/main/AndroidManifest.xml:82:9-44
95-->src/main/AndroidManifest.xml:82:19-41
96        <activity android:name="com.example.final_project.tt_au1" />
96-->src/main/AndroidManifest.xml:83:9-44
96-->src/main/AndroidManifest.xml:83:19-41
97        <activity android:name="com.example.final_project.download_qp_is4" />
97-->src/main/AndroidManifest.xml:84:9-53
97-->src/main/AndroidManifest.xml:84:19-50
98        <activity android:name="com.example.final_project.download_qp_is3" />
98-->src/main/AndroidManifest.xml:85:9-53
98-->src/main/AndroidManifest.xml:85:19-50
99        <activity android:name="com.example.final_project.download_qp_is2" />
99-->src/main/AndroidManifest.xml:86:9-53
99-->src/main/AndroidManifest.xml:86:19-50
100        <activity android:name="com.example.final_project.download_qp_is1" />
100-->src/main/AndroidManifest.xml:87:9-53
100-->src/main/AndroidManifest.xml:87:19-50
101        <activity android:name="com.example.final_project.download_ebook_is4" />
101-->src/main/AndroidManifest.xml:88:9-56
101-->src/main/AndroidManifest.xml:88:19-53
102        <activity android:name="com.example.final_project.download_ebook_is3" />
102-->src/main/AndroidManifest.xml:89:9-56
102-->src/main/AndroidManifest.xml:89:19-53
103        <activity android:name="com.example.final_project.download_ebook_is2" />
103-->src/main/AndroidManifest.xml:90:9-56
103-->src/main/AndroidManifest.xml:90:19-53
104        <activity android:name="com.example.final_project.download_ebook_is1" />
104-->src/main/AndroidManifest.xml:91:9-56
104-->src/main/AndroidManifest.xml:91:19-53
105        <activity android:name="com.example.final_project.ebook_is4" />
105-->src/main/AndroidManifest.xml:92:9-47
105-->src/main/AndroidManifest.xml:92:19-44
106        <activity android:name="com.example.final_project.ebook_is3" />
106-->src/main/AndroidManifest.xml:93:9-47
106-->src/main/AndroidManifest.xml:93:19-44
107        <activity android:name="com.example.final_project.ebook_is2" />
107-->src/main/AndroidManifest.xml:94:9-47
107-->src/main/AndroidManifest.xml:94:19-44
108        <activity android:name="com.example.final_project.ebook_is1" />
108-->src/main/AndroidManifest.xml:95:9-47
108-->src/main/AndroidManifest.xml:95:19-44
109        <activity android:name="com.example.final_project.qp_is4" />
109-->src/main/AndroidManifest.xml:96:9-44
109-->src/main/AndroidManifest.xml:96:19-41
110        <activity android:name="com.example.final_project.qp_is3" />
110-->src/main/AndroidManifest.xml:97:9-44
110-->src/main/AndroidManifest.xml:97:19-41
111        <activity android:name="com.example.final_project.qp_is2" />
111-->src/main/AndroidManifest.xml:98:9-44
111-->src/main/AndroidManifest.xml:98:19-41
112        <activity android:name="com.example.final_project.qp_is1" />
112-->src/main/AndroidManifest.xml:99:9-44
112-->src/main/AndroidManifest.xml:99:19-41
113        <activity android:name="com.example.final_project.syllabus_is4" />
113-->src/main/AndroidManifest.xml:100:9-50
113-->src/main/AndroidManifest.xml:100:19-47
114        <activity android:name="com.example.final_project.syllabus_is3" />
114-->src/main/AndroidManifest.xml:101:9-50
114-->src/main/AndroidManifest.xml:101:19-47
115        <activity android:name="com.example.final_project.syllabus_is2" />
115-->src/main/AndroidManifest.xml:102:9-50
115-->src/main/AndroidManifest.xml:102:19-47
116        <activity android:name="com.example.final_project.syllabus_is1" />
116-->src/main/AndroidManifest.xml:103:9-50
116-->src/main/AndroidManifest.xml:103:19-47
117        <activity android:name="com.example.final_project.tt_is4" />
117-->src/main/AndroidManifest.xml:104:9-44
117-->src/main/AndroidManifest.xml:104:19-41
118        <activity android:name="com.example.final_project.tt_is3" />
118-->src/main/AndroidManifest.xml:105:9-44
118-->src/main/AndroidManifest.xml:105:19-41
119        <activity android:name="com.example.final_project.tt_is2" />
119-->src/main/AndroidManifest.xml:106:9-44
119-->src/main/AndroidManifest.xml:106:19-41
120        <activity android:name="com.example.final_project.tt_is1" />
120-->src/main/AndroidManifest.xml:107:9-44
120-->src/main/AndroidManifest.xml:107:19-41
121        <activity android:name="com.example.final_project.download_ebook_me4" />
121-->src/main/AndroidManifest.xml:108:9-56
121-->src/main/AndroidManifest.xml:108:19-53
122        <activity android:name="com.example.final_project.download_ebook_me3" />
122-->src/main/AndroidManifest.xml:109:9-56
122-->src/main/AndroidManifest.xml:109:19-53
123        <activity android:name="com.example.final_project.download_ebook_me2" />
123-->src/main/AndroidManifest.xml:110:9-56
123-->src/main/AndroidManifest.xml:110:19-53
124        <activity android:name="com.example.final_project.download_ebook_me1" />
124-->src/main/AndroidManifest.xml:111:9-56
124-->src/main/AndroidManifest.xml:111:19-53
125        <activity android:name="com.example.final_project.download_qp_me4" />
125-->src/main/AndroidManifest.xml:112:9-53
125-->src/main/AndroidManifest.xml:112:19-50
126        <activity android:name="com.example.final_project.download_qp_me3" />
126-->src/main/AndroidManifest.xml:113:9-53
126-->src/main/AndroidManifest.xml:113:19-50
127        <activity android:name="com.example.final_project.download_qp_me2" />
127-->src/main/AndroidManifest.xml:114:9-53
127-->src/main/AndroidManifest.xml:114:19-50
128        <activity android:name="com.example.final_project.download_qp_me1" />
128-->src/main/AndroidManifest.xml:115:9-53
128-->src/main/AndroidManifest.xml:115:19-50
129        <activity android:name="com.example.final_project.ebook_me4" />
129-->src/main/AndroidManifest.xml:116:9-47
129-->src/main/AndroidManifest.xml:116:19-44
130        <activity android:name="com.example.final_project.ebook_me3" />
130-->src/main/AndroidManifest.xml:117:9-47
130-->src/main/AndroidManifest.xml:117:19-44
131        <activity android:name="com.example.final_project.ebook_me2" />
131-->src/main/AndroidManifest.xml:118:9-47
131-->src/main/AndroidManifest.xml:118:19-44
132        <activity android:name="com.example.final_project.ebook_me1" />
132-->src/main/AndroidManifest.xml:119:9-47
132-->src/main/AndroidManifest.xml:119:19-44
133        <activity android:name="com.example.final_project.qp_me4" />
133-->src/main/AndroidManifest.xml:120:9-44
133-->src/main/AndroidManifest.xml:120:19-41
134        <activity android:name="com.example.final_project.qp_me3" />
134-->src/main/AndroidManifest.xml:121:9-44
134-->src/main/AndroidManifest.xml:121:19-41
135        <activity android:name="com.example.final_project.qp_me2" />
135-->src/main/AndroidManifest.xml:122:9-44
135-->src/main/AndroidManifest.xml:122:19-41
136        <activity android:name="com.example.final_project.qp_me1" />
136-->src/main/AndroidManifest.xml:123:9-44
136-->src/main/AndroidManifest.xml:123:19-41
137        <activity android:name="com.example.final_project.syllabus_me4" />
137-->src/main/AndroidManifest.xml:124:9-50
137-->src/main/AndroidManifest.xml:124:19-47
138        <activity android:name="com.example.final_project.syllabus_me3" />
138-->src/main/AndroidManifest.xml:125:9-50
138-->src/main/AndroidManifest.xml:125:19-47
139        <activity android:name="com.example.final_project.syllabus_me2" />
139-->src/main/AndroidManifest.xml:126:9-50
139-->src/main/AndroidManifest.xml:126:19-47
140        <activity android:name="com.example.final_project.syllabus_me1" />
140-->src/main/AndroidManifest.xml:127:9-50
140-->src/main/AndroidManifest.xml:127:19-47
141        <activity android:name="com.example.final_project.tt_me4" />
141-->src/main/AndroidManifest.xml:128:9-44
141-->src/main/AndroidManifest.xml:128:19-41
142        <activity android:name="com.example.final_project.tt_me3" />
142-->src/main/AndroidManifest.xml:129:9-44
142-->src/main/AndroidManifest.xml:129:19-41
143        <activity android:name="com.example.final_project.tt_me2" />
143-->src/main/AndroidManifest.xml:130:9-44
143-->src/main/AndroidManifest.xml:130:19-41
144        <activity android:name="com.example.final_project.tt_me1" />
144-->src/main/AndroidManifest.xml:131:9-44
144-->src/main/AndroidManifest.xml:131:19-41
145        <activity android:name="com.example.final_project.download_ebook_cv4" />
145-->src/main/AndroidManifest.xml:132:9-56
145-->src/main/AndroidManifest.xml:132:19-53
146        <activity android:name="com.example.final_project.download_ebook_cv3" />
146-->src/main/AndroidManifest.xml:133:9-56
146-->src/main/AndroidManifest.xml:133:19-53
147        <activity android:name="com.example.final_project.download_ebook_cv2" />
147-->src/main/AndroidManifest.xml:134:9-56
147-->src/main/AndroidManifest.xml:134:19-53
148        <activity android:name="com.example.final_project.download_ebook_cv1" />
148-->src/main/AndroidManifest.xml:135:9-56
148-->src/main/AndroidManifest.xml:135:19-53
149        <activity android:name="com.example.final_project.ebook_cv4" />
149-->src/main/AndroidManifest.xml:136:9-47
149-->src/main/AndroidManifest.xml:136:19-44
150        <activity android:name="com.example.final_project.ebook_cv3" />
150-->src/main/AndroidManifest.xml:137:9-47
150-->src/main/AndroidManifest.xml:137:19-44
151        <activity android:name="com.example.final_project.ebook_cv2" />
151-->src/main/AndroidManifest.xml:138:9-47
151-->src/main/AndroidManifest.xml:138:19-44
152        <activity android:name="com.example.final_project.ebook_cv1" />
152-->src/main/AndroidManifest.xml:139:9-47
152-->src/main/AndroidManifest.xml:139:19-44
153        <activity android:name="com.example.final_project.download_qp_cv4" />
153-->src/main/AndroidManifest.xml:140:9-53
153-->src/main/AndroidManifest.xml:140:19-50
154        <activity android:name="com.example.final_project.download_qp_cv3" />
154-->src/main/AndroidManifest.xml:141:9-53
154-->src/main/AndroidManifest.xml:141:19-50
155        <activity android:name="com.example.final_project.download_qp_cv2" />
155-->src/main/AndroidManifest.xml:142:9-53
155-->src/main/AndroidManifest.xml:142:19-50
156        <activity android:name="com.example.final_project.download_qp_cv1" />
156-->src/main/AndroidManifest.xml:143:9-53
156-->src/main/AndroidManifest.xml:143:19-50
157        <activity android:name="com.example.final_project.qp_cv4" />
157-->src/main/AndroidManifest.xml:144:9-44
157-->src/main/AndroidManifest.xml:144:19-41
158        <activity android:name="com.example.final_project.qp_cv3" />
158-->src/main/AndroidManifest.xml:145:9-44
158-->src/main/AndroidManifest.xml:145:19-41
159        <activity android:name="com.example.final_project.qp_cv2" />
159-->src/main/AndroidManifest.xml:146:9-44
159-->src/main/AndroidManifest.xml:146:19-41
160        <activity android:name="com.example.final_project.qp_cv1" />
160-->src/main/AndroidManifest.xml:147:9-44
160-->src/main/AndroidManifest.xml:147:19-41
161        <activity android:name="com.example.final_project.syllabus_cv4" />
161-->src/main/AndroidManifest.xml:148:9-50
161-->src/main/AndroidManifest.xml:148:19-47
162        <activity android:name="com.example.final_project.syllabus_cv3" />
162-->src/main/AndroidManifest.xml:149:9-50
162-->src/main/AndroidManifest.xml:149:19-47
163        <activity android:name="com.example.final_project.syllabus_cv2" />
163-->src/main/AndroidManifest.xml:150:9-50
163-->src/main/AndroidManifest.xml:150:19-47
164        <activity android:name="com.example.final_project.syllabus_cv1" />
164-->src/main/AndroidManifest.xml:151:9-50
164-->src/main/AndroidManifest.xml:151:19-47
165        <activity android:name="com.example.final_project.tt_cv4" />
165-->src/main/AndroidManifest.xml:152:9-44
165-->src/main/AndroidManifest.xml:152:19-41
166        <activity android:name="com.example.final_project.tt_cv3" />
166-->src/main/AndroidManifest.xml:153:9-44
166-->src/main/AndroidManifest.xml:153:19-41
167        <activity android:name="com.example.final_project.tt_cv2" />
167-->src/main/AndroidManifest.xml:154:9-44
167-->src/main/AndroidManifest.xml:154:19-41
168        <activity android:name="com.example.final_project.tt_cv1" />
168-->src/main/AndroidManifest.xml:155:9-44
168-->src/main/AndroidManifest.xml:155:19-41
169        <activity android:name="com.example.final_project.cv_fourth_year" />
169-->src/main/AndroidManifest.xml:156:9-52
169-->src/main/AndroidManifest.xml:156:19-49
170        <activity android:name="com.example.final_project.cv_third_year" />
170-->src/main/AndroidManifest.xml:157:9-51
170-->src/main/AndroidManifest.xml:157:19-48
171        <activity android:name="com.example.final_project.cv_second_year" />
171-->src/main/AndroidManifest.xml:158:9-52
171-->src/main/AndroidManifest.xml:158:19-49
172        <activity android:name="com.example.final_project.cv_first_year" />
172-->src/main/AndroidManifest.xml:159:9-51
172-->src/main/AndroidManifest.xml:159:19-48
173        <activity android:name="com.example.final_project.download_qp_ec4" />
173-->src/main/AndroidManifest.xml:160:9-53
173-->src/main/AndroidManifest.xml:160:19-50
174        <activity android:name="com.example.final_project.download_ebook_ec4" />
174-->src/main/AndroidManifest.xml:161:9-56
174-->src/main/AndroidManifest.xml:161:19-53
175        <activity android:name="com.example.final_project.ebook_ec4" />
175-->src/main/AndroidManifest.xml:162:9-47
175-->src/main/AndroidManifest.xml:162:19-44
176        <activity android:name="com.example.final_project.syllabus_ec4" />
176-->src/main/AndroidManifest.xml:163:9-50
176-->src/main/AndroidManifest.xml:163:19-47
177        <activity android:name="com.example.final_project.qp_ec4" />
177-->src/main/AndroidManifest.xml:164:9-44
177-->src/main/AndroidManifest.xml:164:19-41
178        <activity android:name="com.example.final_project.tt_ec4" />
178-->src/main/AndroidManifest.xml:165:9-44
178-->src/main/AndroidManifest.xml:165:19-41
179        <activity android:name="com.example.final_project.qp_ec3" />
179-->src/main/AndroidManifest.xml:166:9-44
179-->src/main/AndroidManifest.xml:166:19-41
180        <activity android:name="com.example.final_project.download_qp_ec3" />
180-->src/main/AndroidManifest.xml:167:9-53
180-->src/main/AndroidManifest.xml:167:19-50
181        <activity android:name="com.example.final_project.download_ebook_ec3" />
181-->src/main/AndroidManifest.xml:168:9-56
181-->src/main/AndroidManifest.xml:168:19-53
182        <activity android:name="com.example.final_project.ebook_ec3" />
182-->src/main/AndroidManifest.xml:169:9-47
182-->src/main/AndroidManifest.xml:169:19-44
183        <activity android:name="com.example.final_project.syllabus_ec3" />
183-->src/main/AndroidManifest.xml:170:9-50
183-->src/main/AndroidManifest.xml:170:19-47
184        <activity android:name="com.example.final_project.tt_ec3" />
184-->src/main/AndroidManifest.xml:171:9-44
184-->src/main/AndroidManifest.xml:171:19-41
185        <activity android:name="com.example.final_project.download_qp_ec2" />
185-->src/main/AndroidManifest.xml:172:9-53
185-->src/main/AndroidManifest.xml:172:19-50
186        <activity android:name="com.example.final_project.qp_ec2" />
186-->src/main/AndroidManifest.xml:173:9-44
186-->src/main/AndroidManifest.xml:173:19-41
187        <activity android:name="com.example.final_project.download_ebook_ec2" />
187-->src/main/AndroidManifest.xml:174:9-56
187-->src/main/AndroidManifest.xml:174:19-53
188        <activity android:name="com.example.final_project.ebook_ec2" />
188-->src/main/AndroidManifest.xml:175:9-47
188-->src/main/AndroidManifest.xml:175:19-44
189        <activity android:name="com.example.final_project.syllabus_ec2" />
189-->src/main/AndroidManifest.xml:176:9-50
189-->src/main/AndroidManifest.xml:176:19-47
190        <activity android:name="com.example.final_project.tt_ec2" />
190-->src/main/AndroidManifest.xml:177:9-44
190-->src/main/AndroidManifest.xml:177:19-41
191        <activity android:name="com.example.final_project.download_qp_ec1" />
191-->src/main/AndroidManifest.xml:178:9-53
191-->src/main/AndroidManifest.xml:178:19-50
192        <activity android:name="com.example.final_project.download_ebook_ec1" />
192-->src/main/AndroidManifest.xml:179:9-56
192-->src/main/AndroidManifest.xml:179:19-53
193        <activity android:name="com.example.final_project.ebook_ec1" />
193-->src/main/AndroidManifest.xml:180:9-47
193-->src/main/AndroidManifest.xml:180:19-44
194        <activity android:name="com.example.final_project.qp_ec1" />
194-->src/main/AndroidManifest.xml:181:9-44
194-->src/main/AndroidManifest.xml:181:19-41
195        <activity android:name="com.example.final_project.syllabus_ec1" />
195-->src/main/AndroidManifest.xml:182:9-50
195-->src/main/AndroidManifest.xml:182:19-47
196        <activity android:name="com.example.final_project.tt_ec1" />
196-->src/main/AndroidManifest.xml:183:9-44
196-->src/main/AndroidManifest.xml:183:19-41
197        <activity android:name="com.example.final_project.ec_fourth_year" />
197-->src/main/AndroidManifest.xml:184:9-52
197-->src/main/AndroidManifest.xml:184:19-49